[debug] [2022-09-05T19:28:10.707Z] ----------------------------------------------------------------------
[debug] [2022-09-05T19:28:10.708Z] Command:       C:\Program Files\nodejs\node.exe C:\Users\HK2\AppData\Roaming\npm\node_modules\firebase-tools\lib\bin\firebase.js emulators:start
[debug] [2022-09-05T19:28:10.709Z] CLI Version:   11.8.0
[debug] [2022-09-05T19:28:10.709Z] Platform:      win32
[debug] [2022-09-05T19:28:10.709Z] Node Version:  v16.15.1
[debug] [2022-09-05T19:28:10.710Z] Time:          Mon Sep 05 2022 15:28:10 GMT-0400 (Eastern Daylight Time)
[debug] [2022-09-05T19:28:10.710Z] ----------------------------------------------------------------------
[debug] 
[debug] [2022-09-05T19:28:10.771Z] > command requires scopes: ["email","openid","https://www.googleapis.com/auth/cloudplatformprojects.readonly","https://www.googleapis.com/auth/firebase","https://www.googleapis.com/auth/cloud-platform"]
[debug] [2022-09-05T19:28:10.771Z] > authorizing via signed-in user (ejetaroba19@gmail.com)
[info] i  emulators: Starting emulators: functions, hosting {"metadata":{"emulator":{"name":"hub"},"message":"Starting emulators: functions, hosting"}}
[debug] [2022-09-05T19:28:10.797Z] [hub] writing locator at C:\Users\HK2\AppData\Local\Temp\hub-app-a41d8.json
[warn] !  functions: The following emulators are not running, calls to these services from the Functions emulator will affect production: auth, firestore, database, pubsub, storage, eventarc {"metadata":{"emulator":{"name":"functions"},"message":"The following emulators are not running, calls to these services from the Functions emulator will affect production: \u001b[1mauth, firestore, database, pubsub, storage, eventarc\u001b[22m"}}
[info] +  functions: Using node@16 from host. {"metadata":{"emulator":{"name":"functions"},"message":"Using node@16 from host."}}
[debug] [2022-09-05T19:28:10.856Z] defaultcredentials: writing to file C:\Users\HK2\AppData\Roaming\firebase\ejetaroba19_gmail_com_application_default_credentials.json
[debug] [2022-09-05T19:28:10.861Z] Setting GAC to C:\Users\HK2\AppData\Roaming\firebase\ejetaroba19_gmail_com_application_default_credentials.json {"metadata":{"emulator":{"name":"functions"},"message":"Setting GAC to C:\\Users\\HK2\\AppData\\Roaming\\firebase\\ejetaroba19_gmail_com_application_default_credentials.json"}}
[debug] [2022-09-05T19:28:10.863Z] >>> [apiv2][query] GET https://firebase.googleapis.com/v1beta1/projects/app-a41d8/adminSdkConfig [none]
[debug] [2022-09-05T19:28:11.218Z] <<< [apiv2][status] GET https://firebase.googleapis.com/v1beta1/projects/app-a41d8/adminSdkConfig 200
[debug] [2022-09-05T19:28:11.219Z] <<< [apiv2][body] GET https://firebase.googleapis.com/v1beta1/projects/app-a41d8/adminSdkConfig {"projectId":"app-a41d8","databaseURL":"https://app-a41d8-default-rtdb.firebaseio.com","storageBucket":"app-a41d8.appspot.com","locationId":"us-east1"}
[debug] [2022-09-05T19:28:11.243Z] >>> [apiv2][query] GET https://firebasehosting.googleapis.com/v1beta1/projects/app-a41d8/sites 
[debug] [2022-09-05T19:28:11.663Z] <<< [apiv2][status] GET https://firebasehosting.googleapis.com/v1beta1/projects/app-a41d8/sites 200
[debug] [2022-09-05T19:28:11.663Z] <<< [apiv2][body] GET https://firebasehosting.googleapis.com/v1beta1/projects/app-a41d8/sites {"sites":[{"name":"projects/app-a41d8/sites/app-a41d8","defaultUrl":"https://app-a41d8.web.app","appId":"1:97664414293:web:6dc65e07012db216579adc","type":"DEFAULT_SITE"}]}
[debug] [2022-09-05T19:28:11.664Z] >>> [apiv2][query] GET https://firebase.googleapis.com/v1beta1/projects/app-a41d8/webApps/1:97664414293:web:6dc65e07012db216579adc/config [none]
[debug] [2022-09-05T19:28:12.022Z] <<< [apiv2][status] GET https://firebase.googleapis.com/v1beta1/projects/app-a41d8/webApps/1:97664414293:web:6dc65e07012db216579adc/config 200
[debug] [2022-09-05T19:28:12.022Z] <<< [apiv2][body] GET https://firebase.googleapis.com/v1beta1/projects/app-a41d8/webApps/1:97664414293:web:6dc65e07012db216579adc/config {"projectId":"app-a41d8","appId":"1:97664414293:web:6dc65e07012db216579adc","databaseURL":"https://app-a41d8-default-rtdb.firebaseio.com","storageBucket":"app-a41d8.appspot.com","locationId":"us-east1","apiKey":"AIzaSyANkPFRMSyZGYmLXsPBjrec2KPpGUGeBeM","authDomain":"app-a41d8.firebaseapp.com","messagingSenderId":"97664414293","measurementId":"G-T8HSN19T2C"}
[info] i  hosting: Serving hosting files from: build {"metadata":{"emulator":{"name":"hosting"},"message":"Serving hosting files from: \u001b[1mbuild\u001b[22m"}}
[info] +  hosting: Local server: http://localhost:5000 {"metadata":{"emulator":{"name":"hosting"},"message":"Local server: \u001b[4m\u001b[1mhttp://localhost:5000\u001b[22m\u001b[24m"}}
[warn] !  ui: Emulator UI unable to start on port 4000, starting on 4003 instead. {"metadata":{"emulator":{"name":"ui"},"message":"Emulator UI unable to start on port 4000, starting on 4003 instead."}}
[debug] [2022-09-05T19:28:12.107Z] Ignoring unsupported arg: auto_download {"metadata":{"emulator":{"name":"ui"},"message":"Ignoring unsupported arg: auto_download"}}
[debug] [2022-09-05T19:28:12.107Z] Ignoring unsupported arg: port {"metadata":{"emulator":{"name":"ui"},"message":"Ignoring unsupported arg: port"}}
[debug] [2022-09-05T19:28:12.107Z] Starting Emulator UI with command {"binary":"node","args":["C:\\Users\\HK2\\.cache\\firebase\\emulators\\ui-v1.9.0\\server\\server.js"],"optionalArgs":[],"joinArgs":false} {"metadata":{"emulator":{"name":"ui"},"message":"Starting Emulator UI with command {\"binary\":\"node\",\"args\":[\"C:\\\\Users\\\\HK2\\\\.cache\\\\firebase\\\\emulators\\\\ui-v1.9.0\\\\server\\\\server.js\"],\"optionalArgs\":[],\"joinArgs\":false}"}}
[info] i  ui: Emulator UI logging to ui-debug.log {"metadata":{"emulator":{"name":"ui"},"message":"Emulator UI logging to \u001b[1mui-debug.log\u001b[22m"}}
[debug] [2022-09-05T19:28:12.263Z] Web / API server started at localhost:4003
 {"metadata":{"emulator":{"name":"ui"},"message":"Web / API server started at localhost:4003\n"}}
[info] i  functions: Watching "C:\Users\HK2\Desktop\EVANDGADI\FULL STACK WEB DEVELOPMENT March 12,2022\PHASE-THIRD\Evangadi\Amazon\amazon-backend\functions" for Cloud Functions... {"metadata":{"emulator":{"name":"functions"},"message":"Watching \"C:\\Users\\HK2\\Desktop\\EVANDGADI\\FULL STACK WEB DEVELOPMENT March 12,2022\\PHASE-THIRD\\Evangadi\\Amazon\\amazon-backend\\functions\" for Cloud Functions..."}}
[debug] [2022-09-05T19:28:12.388Z] Validating nodejs source
[debug] [2022-09-05T19:28:14.817Z] > [functions] package.json contents: {
  "name": "functions",
  "description": "Cloud Functions for Firebase",
  "scripts": {
    "lint": "eslint .",
    "serve": "firebase emulators:start --only functions",
    "shell": "firebase functions:shell",
    "start": "npm run shell",
    "deploy": "firebase deploy --only functions",
    "logs": "firebase functions:log"
  },
  "engines": {
    "node": "16"
  },
  "main": "index.js",
  "dependencies": {
    "cors": "^2.8.5",
    "express": "^4.18.1",
    "firebase-admin": "^10.0.2",
    "firebase-functions": "^3.18.0",
    "stripe": "^10.7.0"
  },
  "devDependencies": {
    "eslint": "^8.9.0",
    "eslint-config-google": "^0.14.0",
    "firebase-functions-test": "^0.2.0"
  },
  "private": true
}
[debug] [2022-09-05T19:28:14.818Z] Building nodejs source
[debug] [2022-09-05T19:28:14.818Z] Analyzing nodejs backend spec
[debug] [2022-09-05T19:28:14.819Z] Could not find functions.yaml. Must use http discovery
[debug] [2022-09-05T19:28:15.048Z] Serving at port 9005

[debug] [2022-09-05T19:28:15.156Z] Got response from /__/functions.yaml {"endpoints":{"api":{"platform":"gcfv1","httpsTrigger":{},"entryPoint":"api"}},"specVersion":"v1alpha1","requiredAPIs":[]}
[debug] [2022-09-05T19:28:15.162Z] shutdown requested via /__/quitquitquit

[info] +  functions: Loaded functions definitions from source: api. {"metadata":{"emulator":{"name":"functions"},"message":"Loaded functions definitions from source: api."}}
[info] +  functions[us-central1-api]: http function initialized (http://localhost:5001/app-a41d8/us-central1/api). {"metadata":{"emulator":{"name":"functions"},"message":"\u001b[1mhttp\u001b[22m function initialized (http://localhost:5001/app-a41d8/us-central1/api)."}}
[info] 
┌─────────────────────────────────────────────────────────────┐
│ ✔  All emulators ready! It is now safe to connect your app. │
│ i  View Emulator UI at http://localhost:4003                │
└─────────────────────────────────────────────────────────────┘

┌───────────┬────────────────┬─────────────────────────────────┐
│ Emulator  │ Host:Port      │ View in Emulator UI             │
├───────────┼────────────────┼─────────────────────────────────┤
│ Functions │ localhost:5001 │ http://localhost:4003/functions │
├───────────┼────────────────┼─────────────────────────────────┤
│ Hosting   │ localhost:5000 │ n/a                             │
└───────────┴────────────────┴─────────────────────────────────┘
  Emulator Hub running at localhost:4400
  Other reserved ports: 4500

Issues? Report them at https://github.com/firebase/firebase-tools/issues and attach the *-debug.log files.
 
[debug] [2022-09-05T19:28:38.254Z] [work-queue] {"queueLength":1,"workRunningCount":0}
[debug] [2022-09-05T19:28:38.255Z] [work-queue] {"queueLength":0,"workRunningCount":1}
[debug] [2022-09-05T19:28:38.255Z] Accepted request GET /app-a41d8/us-central1/api --> us-central1-api
[debug] [2022-09-05T19:28:38.265Z] [worker-pool] addWorker(us-central1-api) {"metadata":{"emulator":{"name":"functions"},"message":"[worker-pool] addWorker(us-central1-api)"}}
[debug] [2022-09-05T19:28:38.265Z] [worker-pool] Adding worker with key us-central1-api, total=1 {"metadata":{"emulator":{"name":"functions"},"message":"[worker-pool] Adding worker with key us-central1-api, total=1"}}
[debug] [2022-09-05T19:28:38.265Z] [worker-pool] submitWork(triggerId=us-central1-api) {"metadata":{"emulator":{"name":"functions"},"message":"[worker-pool] submitWork(triggerId=us-central1-api)"}}
[debug] [2022-09-05T19:28:38.266Z] [worker-us-central1-api-77dde15a-0e51-4367-932c-317a38c04b90]: BUSY {"metadata":{"emulator":{"name":"functions"},"message":"[worker-us-central1-api-77dde15a-0e51-4367-932c-317a38c04b90]: BUSY"}}
[debug] [2022-09-05T19:28:39.211Z] [runtime-status] [2808] Resolved module firebase-admin {"declared":true,"installed":true,"version":"10.3.0","resolution":"C:\\Users\\HK2\\Desktop\\EVANDGADI\\FULL STACK WEB DEVELOPMENT March 12,2022\\PHASE-THIRD\\Evangadi\\Amazon\\amazon-backend\\functions\\node_modules\\firebase-admin\\lib\\index.js"} {"metadata":{"emulator":{"name":"functions"},"function":{"name":"us-central1-api"},"extension":{},"message":"[runtime-status] [2808] Resolved module firebase-admin {\"declared\":true,\"installed\":true,\"version\":\"10.3.0\",\"resolution\":\"C:\\\\Users\\\\HK2\\\\Desktop\\\\EVANDGADI\\\\FULL STACK WEB DEVELOPMENT March 12,2022\\\\PHASE-THIRD\\\\Evangadi\\\\Amazon\\\\amazon-backend\\\\functions\\\\node_modules\\\\firebase-admin\\\\lib\\\\index.js\"}"}}
[debug] [2022-09-05T19:28:39.213Z] [runtime-status] [2808] Resolved module firebase-functions {"declared":true,"installed":true,"version":"3.23.0","resolution":"C:\\Users\\HK2\\Desktop\\EVANDGADI\\FULL STACK WEB DEVELOPMENT March 12,2022\\PHASE-THIRD\\Evangadi\\Amazon\\amazon-backend\\functions\\node_modules\\firebase-functions\\lib\\index.js"} {"metadata":{"emulator":{"name":"functions"},"function":{"name":"us-central1-api"},"extension":{},"message":"[runtime-status] [2808] Resolved module firebase-functions {\"declared\":true,\"installed\":true,\"version\":\"3.23.0\",\"resolution\":\"C:\\\\Users\\\\HK2\\\\Desktop\\\\EVANDGADI\\\\FULL STACK WEB DEVELOPMENT March 12,2022\\\\PHASE-THIRD\\\\Evangadi\\\\Amazon\\\\amazon-backend\\\\functions\\\\node_modules\\\\firebase-functions\\\\lib\\\\index.js\"}"}}
[debug] [2022-09-05T19:28:39.213Z] [runtime-status] [2808] Outgoing network have been stubbed. [{"name":"http","status":"mocked"},{"name":"http","status":"mocked"},{"name":"https","status":"mocked"},{"name":"https","status":"mocked"},{"name":"net","status":"mocked"}] {"metadata":{"emulator":{"name":"functions"},"function":{"name":"us-central1-api"},"extension":{},"message":"[runtime-status] [2808] Outgoing network have been stubbed. [{\"name\":\"http\",\"status\":\"mocked\"},{\"name\":\"http\",\"status\":\"mocked\"},{\"name\":\"https\",\"status\":\"mocked\"},{\"name\":\"https\",\"status\":\"mocked\"},{\"name\":\"net\",\"status\":\"mocked\"}]"}}
[debug] [2022-09-05T19:28:39.214Z] [runtime-status] [2808] Resolved module firebase-functions {"declared":true,"installed":true,"version":"3.23.0","resolution":"C:\\Users\\HK2\\Desktop\\EVANDGADI\\FULL STACK WEB DEVELOPMENT March 12,2022\\PHASE-THIRD\\Evangadi\\Amazon\\amazon-backend\\functions\\node_modules\\firebase-functions\\lib\\index.js"} {"metadata":{"emulator":{"name":"functions"},"function":{"name":"us-central1-api"},"extension":{},"message":"[runtime-status] [2808] Resolved module firebase-functions {\"declared\":true,\"installed\":true,\"version\":\"3.23.0\",\"resolution\":\"C:\\\\Users\\\\HK2\\\\Desktop\\\\EVANDGADI\\\\FULL STACK WEB DEVELOPMENT March 12,2022\\\\PHASE-THIRD\\\\Evangadi\\\\Amazon\\\\amazon-backend\\\\functions\\\\node_modules\\\\firebase-functions\\\\lib\\\\index.js\"}"}}
[debug] [2022-09-05T19:28:39.254Z] [runtime-status] [2808] Checked functions.config() {"config":{}} {"metadata":{"emulator":{"name":"functions"},"function":{"name":"us-central1-api"},"extension":{},"message":"[runtime-status] [2808] Checked functions.config() {\"config\":{}}"}}
[debug] [2022-09-05T19:28:39.254Z] [runtime-status] [2808] firebase-functions has been stubbed. {"functionsResolution":{"declared":true,"installed":true,"version":"3.23.0","resolution":"C:\\Users\\HK2\\Desktop\\EVANDGADI\\FULL STACK WEB DEVELOPMENT March 12,2022\\PHASE-THIRD\\Evangadi\\Amazon\\amazon-backend\\functions\\node_modules\\firebase-functions\\lib\\index.js"}} {"metadata":{"emulator":{"name":"functions"},"function":{"name":"us-central1-api"},"extension":{},"message":"[runtime-status] [2808] firebase-functions has been stubbed. {\"functionsResolution\":{\"declared\":true,\"installed\":true,\"version\":\"3.23.0\",\"resolution\":\"C:\\\\Users\\\\HK2\\\\Desktop\\\\EVANDGADI\\\\FULL STACK WEB DEVELOPMENT March 12,2022\\\\PHASE-THIRD\\\\Evangadi\\\\Amazon\\\\amazon-backend\\\\functions\\\\node_modules\\\\firebase-functions\\\\lib\\\\index.js\"}}"}}
[debug] [2022-09-05T19:28:39.255Z] [runtime-status] [2808] Resolved module firebase-functions {"declared":true,"installed":true,"version":"3.23.0","resolution":"C:\\Users\\HK2\\Desktop\\EVANDGADI\\FULL STACK WEB DEVELOPMENT March 12,2022\\PHASE-THIRD\\Evangadi\\Amazon\\amazon-backend\\functions\\node_modules\\firebase-functions\\lib\\index.js"} {"metadata":{"emulator":{"name":"functions"},"function":{"name":"us-central1-api"},"extension":{},"message":"[runtime-status] [2808] Resolved module firebase-functions {\"declared\":true,\"installed\":true,\"version\":\"3.23.0\",\"resolution\":\"C:\\\\Users\\\\HK2\\\\Desktop\\\\EVANDGADI\\\\FULL STACK WEB DEVELOPMENT March 12,2022\\\\PHASE-THIRD\\\\Evangadi\\\\Amazon\\\\amazon-backend\\\\functions\\\\node_modules\\\\firebase-functions\\\\lib\\\\index.js\"}"}}
[debug] [2022-09-05T19:28:39.256Z] [runtime-status] [2808] Resolved module firebase-admin {"declared":true,"installed":true,"version":"10.3.0","resolution":"C:\\Users\\HK2\\Desktop\\EVANDGADI\\FULL STACK WEB DEVELOPMENT March 12,2022\\PHASE-THIRD\\Evangadi\\Amazon\\amazon-backend\\functions\\node_modules\\firebase-admin\\lib\\index.js"} {"metadata":{"emulator":{"name":"functions"},"function":{"name":"us-central1-api"},"extension":{},"message":"[runtime-status] [2808] Resolved module firebase-admin {\"declared\":true,\"installed\":true,\"version\":\"10.3.0\",\"resolution\":\"C:\\\\Users\\\\HK2\\\\Desktop\\\\EVANDGADI\\\\FULL STACK WEB DEVELOPMENT March 12,2022\\\\PHASE-THIRD\\\\Evangadi\\\\Amazon\\\\amazon-backend\\\\functions\\\\node_modules\\\\firebase-admin\\\\lib\\\\index.js\"}"}}
[debug] [2022-09-05T19:28:39.258Z] [runtime-status] [2808] Resolved module firebase-functions {"declared":true,"installed":true,"version":"3.23.0","resolution":"C:\\Users\\HK2\\Desktop\\EVANDGADI\\FULL STACK WEB DEVELOPMENT March 12,2022\\PHASE-THIRD\\Evangadi\\Amazon\\amazon-backend\\functions\\node_modules\\firebase-functions\\lib\\index.js"} {"metadata":{"emulator":{"name":"functions"},"function":{"name":"us-central1-api"},"extension":{},"message":"[runtime-status] [2808] Resolved module firebase-functions {\"declared\":true,\"installed\":true,\"version\":\"3.23.0\",\"resolution\":\"C:\\\\Users\\\\HK2\\\\Desktop\\\\EVANDGADI\\\\FULL STACK WEB DEVELOPMENT March 12,2022\\\\PHASE-THIRD\\\\Evangadi\\\\Amazon\\\\amazon-backend\\\\functions\\\\node_modules\\\\firebase-functions\\\\lib\\\\index.js\"}"}}
[debug] [2022-09-05T19:28:39.258Z] [runtime-status] [2808] firebase-admin has been stubbed. {"adminResolution":{"declared":true,"installed":true,"version":"10.3.0","resolution":"C:\\Users\\HK2\\Desktop\\EVANDGADI\\FULL STACK WEB DEVELOPMENT March 12,2022\\PHASE-THIRD\\Evangadi\\Amazon\\amazon-backend\\functions\\node_modules\\firebase-admin\\lib\\index.js"}} {"metadata":{"emulator":{"name":"functions"},"function":{"name":"us-central1-api"},"extension":{},"message":"[runtime-status] [2808] firebase-admin has been stubbed. {\"adminResolution\":{\"declared\":true,\"installed\":true,\"version\":\"10.3.0\",\"resolution\":\"C:\\\\Users\\\\HK2\\\\Desktop\\\\EVANDGADI\\\\FULL STACK WEB DEVELOPMENT March 12,2022\\\\PHASE-THIRD\\\\Evangadi\\\\Amazon\\\\amazon-backend\\\\functions\\\\node_modules\\\\firebase-admin\\\\lib\\\\index.js\"}}"}}
[debug] [2022-09-05T19:28:39.258Z] [runtime-status] [2808] Functions runtime initialized. {"cwd":"C:\\Users\\HK2\\Desktop\\EVANDGADI\\FULL STACK WEB DEVELOPMENT March 12,2022\\PHASE-THIRD\\Evangadi\\Amazon\\amazon-backend\\functions","node_version":"16.15.1"} {"metadata":{"emulator":{"name":"functions"},"function":{"name":"us-central1-api"},"extension":{},"message":"[runtime-status] [2808] Functions runtime initialized. {\"cwd\":\"C:\\\\Users\\\\HK2\\\\Desktop\\\\EVANDGADI\\\\FULL STACK WEB DEVELOPMENT March 12,2022\\\\PHASE-THIRD\\\\Evangadi\\\\Amazon\\\\amazon-backend\\\\functions\",\"node_version\":\"16.15.1\"}"}}
[debug] [2022-09-05T19:28:39.416Z] [runtime-status] [2808] Beginning invocation function api! {"metadata":{"emulator":{"name":"functions"},"function":{"name":"us-central1-api"},"extension":{},"message":"[runtime-status] [2808] Beginning invocation function api!"}}
[info] i  functions: Beginning execution of "api" {"metadata":{"emulator":{"name":"functions"},"function":{"name":"us-central1-api"},"extension":{},"message":"Beginning execution of \"api\""}}
[debug] [2022-09-05T19:28:39.418Z] [runtime-status] [2808] Running api in signature http {"metadata":{"emulator":{"name":"functions"},"function":{"name":"us-central1-api"},"extension":{},"message":"[runtime-status] [2808] Running api in signature http"}}
[debug] [2022-09-05T19:28:39.421Z] [runtime-status] [2808] Listening to port: \\?\pipe\fire_emu_a1820f7f8ea311a8 {"metadata":{"emulator":{"name":"functions"},"function":{"name":"us-central1-api"},"extension":{},"message":"[runtime-status] [2808] Listening to port: \\\\?\\pipe\\fire_emu_a1820f7f8ea311a8"}}
[debug] [2022-09-05T19:28:39.478Z] [functions] Runtime ready! Sending request! {"metadata":{"emulator":{"name":"functions"},"message":"[functions] Runtime ready! Sending request!"}}
[debug] [2022-09-05T19:28:39.479Z] [functions] Got req.url=/app-a41d8/us-central1/api, mapping to path=/ {"metadata":{"emulator":{"name":"functions"},"message":"[functions] Got req.url=/app-a41d8/us-central1/api, mapping to path=/"}}
[debug] [2022-09-05T19:28:39.481Z] [runtime-status] [2808] Ephemeral server handling GET request {"metadata":{"emulator":{"name":"functions"},"function":{"name":"us-central1-api"},"extension":{},"message":"[runtime-status] [2808] Ephemeral server handling GET request"}}
[debug] [2022-09-05T19:28:39.485Z] [runtime-status] [2808] Ephemeral server survived. {"metadata":{"emulator":{"name":"functions"},"function":{"name":"us-central1-api"},"extension":{},"message":"[runtime-status] [2808] Ephemeral server survived."}}
[info] i  functions: Finished "api" in ~1s {"metadata":{"emulator":{"name":"functions"},"function":{"name":"us-central1-api"},"extension":{},"message":"Finished \"api\" in ~1s"}}
[debug] [2022-09-05T19:28:39.488Z] [worker-us-central1-api-77dde15a-0e51-4367-932c-317a38c04b90]: IDLE {"metadata":{"emulator":{"name":"functions"},"message":"[worker-us-central1-api-77dde15a-0e51-4367-932c-317a38c04b90]: IDLE"}}
[debug] [2022-09-05T19:28:39.489Z] [work-queue] {"queueLength":0,"workRunningCount":0}
[debug] [2022-09-05T19:28:46.905Z] [work-queue] {"queueLength":1,"workRunningCount":0}
[debug] [2022-09-05T19:28:46.905Z] [work-queue] {"queueLength":0,"workRunningCount":1}
[debug] [2022-09-05T19:28:46.905Z] Accepted request GET /app-a41d8/us-central1/api --> us-central1-api
[debug] [2022-09-05T19:28:46.905Z] [worker-pool] submitWork(triggerId=us-central1-api) {"metadata":{"emulator":{"name":"functions"},"message":"[worker-pool] submitWork(triggerId=us-central1-api)"}}
[debug] [2022-09-05T19:28:46.905Z] [worker-us-central1-api-77dde15a-0e51-4367-932c-317a38c04b90]: BUSY {"metadata":{"emulator":{"name":"functions"},"message":"[worker-us-central1-api-77dde15a-0e51-4367-932c-317a38c04b90]: BUSY"}}
[debug] [2022-09-05T19:28:46.906Z] [runtime-status] [2808] Beginning invocation function api! {"metadata":{"emulator":{"name":"functions"},"function":{"name":"us-central1-api"},"extension":{},"message":"[runtime-status] [2808] Beginning invocation function api!"}}
[info] i  functions: Beginning execution of "api" {"metadata":{"emulator":{"name":"functions"},"function":{"name":"us-central1-api"},"extension":{},"message":"Beginning execution of \"api\""}}
[debug] [2022-09-05T19:28:46.908Z] [runtime-status] [2808] Running api in signature http {"metadata":{"emulator":{"name":"functions"},"function":{"name":"us-central1-api"},"extension":{},"message":"[runtime-status] [2808] Running api in signature http"}}
[debug] [2022-09-05T19:28:46.908Z] [runtime-status] [2808] Listening to port: \\?\pipe\fire_emu_a1820f7f8ea311a8 {"metadata":{"emulator":{"name":"functions"},"function":{"name":"us-central1-api"},"extension":{},"message":"[runtime-status] [2808] Listening to port: \\\\?\\pipe\\fire_emu_a1820f7f8ea311a8"}}
[debug] [2022-09-05T19:28:47.025Z] [functions] Runtime ready! Sending request! {"metadata":{"emulator":{"name":"functions"},"message":"[functions] Runtime ready! Sending request!"}}
[debug] [2022-09-05T19:28:47.026Z] [functions] Got req.url=/app-a41d8/us-central1/api, mapping to path=/ {"metadata":{"emulator":{"name":"functions"},"message":"[functions] Got req.url=/app-a41d8/us-central1/api, mapping to path=/"}}
[debug] [2022-09-05T19:28:47.029Z] [runtime-status] [2808] Ephemeral server handling GET request {"metadata":{"emulator":{"name":"functions"},"function":{"name":"us-central1-api"},"extension":{},"message":"[runtime-status] [2808] Ephemeral server handling GET request"}}
[debug] [2022-09-05T19:28:47.033Z] [runtime-status] [2808] Ephemeral server survived. {"metadata":{"emulator":{"name":"functions"},"function":{"name":"us-central1-api"},"extension":{},"message":"[runtime-status] [2808] Ephemeral server survived."}}
[info] i  functions: Finished "api" in ~1s {"metadata":{"emulator":{"name":"functions"},"function":{"name":"us-central1-api"},"extension":{},"message":"Finished \"api\" in ~1s"}}
[debug] [2022-09-05T19:28:47.035Z] [worker-us-central1-api-77dde15a-0e51-4367-932c-317a38c04b90]: IDLE {"metadata":{"emulator":{"name":"functions"},"message":"[worker-us-central1-api-77dde15a-0e51-4367-932c-317a38c04b90]: IDLE"}}
[debug] [2022-09-05T19:28:47.035Z] [work-queue] {"queueLength":0,"workRunningCount":0}
[debug] [2022-09-05T23:37:49.893Z] Received signal SIGHUP 1
